{
  "name": "#ffffff",
  "upgrades": [
      {
        "price": 120,
        "delta_damage": 1,
        "delta_radius": 20.0,
        "delta_speed_attack": 1,
        "open_level": 0
      },
      {
          "price": 220,
          "delta_damage": 0,
          "delta_radius": 0,
          "delta_speed_attack": 5,
          "open_level": 2
      },
      {
          "price": 520,
          "delta_damage": 3,
          "delta_radius": 50.0,
          "delta_speed_attack": 0,
          "open_level": 0
      },
      {
        "price": 20,
        "delta_damage": 20,
        "delta_radius": 20.0,
        "delta_speed_attack": 5,
        "open_level": 0
    }
  ],
  "price": 160,
  "type": 1,
  "initial_damage": 1,
  "initial_radius": 250,
  "initial_speed_attack": 15,
  "init_projectile_speed": 15,
  "projectile_config": {
    "name": "#413245"
  },
  "open_level": 0
}