{
  "name": "Wizard",
  "upgrades": [
    {
      "price": 700,
      "delta_damage": 1,
      "delta_speed_attack": 5,
      "delta_radius": 120.0,
      "open_level": ""
    },
    {
      "price": 220,
      "delta_damage": 0,
      "delta_speed_attack": 5,
      "delta_radius": 0.0,
      "open_level": ""
    },
    {
      "price": 1520,
      "delta_damage": 10,
      "delta_speed_attack": 5,
      "delta_radius": 300.0,
      "open_level": "1. Tutorial"
    },
    {
      "price": 550,
      "delta_damage": 1,
      "delta_speed_attack": 10,
      "delta_radius": 20.0,
      "open_level": "2. Problems in Greenland"
    }
  ],
  "price": 300,
  "type": 1,
  "initial_damage": 3,
  "initial_radius": 150.0,
  "initial_speed_attack": 10,
  "init_projectile_speed": 25.0,
  "projectile_config": {
    "name": "#413245"
  },
  "open_level": "1. Tutorial"
}